<?xml version="1.0" encoding="UTF-8"?>
<testng-results skipped="0" failed="0" total="1" passed="1">
  <reporter-output>
  </reporter-output>
  <suite name="Default suite" duration-ms="145" started-at="2017-01-03T11:31:15Z" finished-at="2017-01-03T11:31:15Z">
    <groups>
    </groups>
    <test name="Default test" duration-ms="145" started-at="2017-01-03T11:31:15Z" finished-at="2017-01-03T11:31:15Z">
      <class name="hp.com.testing.tester">
        <test-method status="PASS" signature="hello()[pri:0, instance:hp.com.testing.tester@1262d8c]" name="hello" duration-ms="57" started-at="2017-01-03T17:01:15Z" finished-at="2017-01-03T17:01:15Z">
          <reporter-output>
          </reporter-output>
        </test-method> <!-- hello -->
      </class> <!-- hp.com.testing.tester -->
    </test> <!-- Default test -->
  </suite> <!-- Default suite -->
</testng-results>
